<?xml version="1.0" encoding="UTF-8"?>
<!-- Generated by org.testng.reporters.JUnitReportReporter -->
<testsuite skipped="0" hostname="LAPTOP-M037PSRF" name="In.Amazon.Common.LoginChrome" tests="1" failures="0" timestamp="2020-10-11T12:39:34 IST" time="45.660" errors="0">
  <testcase name="Login" time="45.660" classname="In.Amazon.Common.LoginChrome"/>
  <system-out/>
</testsuite> <!-- In.Amazon.Common.LoginChrome -->
